d:\dev\с++\projects_c++\черный пояс с++\(курсовой проект) электронная таблица\build\spreadsheet.dir\debug\vc141.pdb
d:\dev\с++\projects_c++\черный пояс с++\(курсовой проект) электронная таблица\build\spreadsheet.dir\debug\main.obj
d:\dev\с++\projects_c++\черный пояс с++\(курсовой проект) электронная таблица\build\spreadsheet.dir\debug\formulalistener.obj
d:\dev\с++\projects_c++\черный пояс с++\(курсовой проект) электронная таблица\build\spreadsheet.dir\debug\formulabaselistener.obj
d:\dev\с++\projects_c++\черный пояс с++\(курсовой проект) электронная таблица\build\spreadsheet.dir\debug\formulaparser.obj
d:\dev\с++\projects_c++\черный пояс с++\(курсовой проект) электронная таблица\build\spreadsheet.dir\debug\formulalexer.obj
d:\dev\с++\projects_c++\черный пояс с++\(курсовой проект) электронная таблица\build\spreadsheet.dir\debug\formula.obj
d:\dev\с++\projects_c++\черный пояс с++\(курсовой проект) электронная таблица\build\spreadsheet.dir\debug\graph.obj
d:\dev\с++\projects_c++\черный пояс с++\(курсовой проект) электронная таблица\build\spreadsheet.dir\debug\common.obj
d:\dev\с++\projects_c++\черный пояс с++\(курсовой проект) электронная таблица\build\antlr4cpp_generated_src\formula\formulalexer.interp
d:\dev\с++\projects_c++\черный пояс с++\(курсовой проект) электронная таблица\build\antlr4cpp_generated_src\formula\formulalexer.tokens
d:\dev\с++\projects_c++\черный пояс с++\(курсовой проект) электронная таблица\build\antlr4cpp_generated_src\formula\formulalexer.h
d:\dev\с++\projects_c++\черный пояс с++\(курсовой проект) электронная таблица\build\antlr4cpp_generated_src\formula\formulalexer.cpp
d:\dev\с++\projects_c++\черный пояс с++\(курсовой проект) электронная таблица\build\antlr4cpp_generated_src\formula\formulaparser.h
d:\dev\с++\projects_c++\черный пояс с++\(курсовой проект) электронная таблица\build\antlr4cpp_generated_src\formula\formulaparser.cpp
d:\dev\с++\projects_c++\черный пояс с++\(курсовой проект) электронная таблица\build\antlr4cpp_generated_src\formula\formulabaselistener.h
d:\dev\с++\projects_c++\черный пояс с++\(курсовой проект) электронная таблица\build\antlr4cpp_generated_src\formula\formulabaselistener.cpp
d:\dev\с++\projects_c++\черный пояс с++\(курсовой проект) электронная таблица\build\antlr4cpp_generated_src\formula\formulalistener.h
d:\dev\с++\projects_c++\черный пояс с++\(курсовой проект) электронная таблица\build\antlr4cpp_generated_src\formula\formulalistener.cpp
d:\dev\с++\projects_c++\черный пояс с++\(курсовой проект) электронная таблица\build\cmakefiles\generate.stamp
d:\dev\с++\projects_c++\черный пояс с++\(курсовой проект) электронная таблица\build\debug\spreadsheet.exe
d:\dev\с++\projects_c++\черный пояс с++\(курсовой проект) электронная таблица\build\debug\spreadsheet.ilk
d:\dev\с++\projects_c++\черный пояс с++\(курсовой проект) электронная таблица\build\debug\spreadsheet.pdb
d:\dev\с++\projects_c++\черный пояс с++\(курсовой проект) электронная таблица\build\spreadsheet.dir\debug\vcpkg.applocal.log
d:\dev\с++\projects_c++\черный пояс с++\(курсовой проект) электронная таблица\build\spreadsheet.dir\debug\spreadsheet.tlog\cl.command.1.tlog
d:\dev\с++\projects_c++\черный пояс с++\(курсовой проект) электронная таблица\build\spreadsheet.dir\debug\spreadsheet.tlog\cl.read.1.tlog
d:\dev\с++\projects_c++\черный пояс с++\(курсовой проект) электронная таблица\build\spreadsheet.dir\debug\spreadsheet.tlog\cl.write.1.tlog
d:\dev\с++\projects_c++\черный пояс с++\(курсовой проект) электронная таблица\build\spreadsheet.dir\debug\spreadsheet.tlog\custombuild.command.1.tlog
d:\dev\с++\projects_c++\черный пояс с++\(курсовой проект) электронная таблица\build\spreadsheet.dir\debug\spreadsheet.tlog\custombuild.read.1.tlog
d:\dev\с++\projects_c++\черный пояс с++\(курсовой проект) электронная таблица\build\spreadsheet.dir\debug\spreadsheet.tlog\custombuild.write.1.tlog
d:\dev\с++\projects_c++\черный пояс с++\(курсовой проект) электронная таблица\build\spreadsheet.dir\debug\spreadsheet.tlog\link.command.1.tlog
d:\dev\с++\projects_c++\черный пояс с++\(курсовой проект) электронная таблица\build\spreadsheet.dir\debug\spreadsheet.tlog\link.read.1.tlog
d:\dev\с++\projects_c++\черный пояс с++\(курсовой проект) электронная таблица\build\spreadsheet.dir\debug\spreadsheet.tlog\link.write.1.tlog
d:\dev\с++\projects_c++\черный пояс с++\(курсовой проект) электронная таблица\build\spreadsheet.dir\debug\spreadsheet.tlog\spreadsheet.write.1u.tlog
