d:\dev\с++\projects_c++\черный пояс с++\(курсовой проект) электронная таблица\build\antlr4_runtime\runtime\antlr4_static.dir\debug\vcpkg.applocal.log
d:\dev\с++\projects_c++\черный пояс с++\(курсовой проект) электронная таблица\build\antlr4_runtime\runtime\antlr4_static.dir\debug\charstream.obj
d:\dev\с++\projects_c++\черный пояс с++\(курсовой проект) электронная таблица\build\antlr4_runtime\runtime\antlr4_static.dir\debug\exceptions.obj
d:\dev\с++\projects_c++\черный пояс с++\(курсовой проект) электронная таблица\build\antlr4_runtime\runtime\antlr4_static.dir\debug\intstream.obj
d:\dev\с++\projects_c++\черный пояс с++\(курсовой проект) электронная таблица\build\antlr4_runtime\runtime\antlr4_static.dir\debug\parser.obj
d:\dev\с++\projects_c++\черный пояс с++\(курсовой проект) электронная таблица\build\antlr4_runtime\runtime\antlr4_static.dir\debug\tokenstreamrewriter.obj
d:\dev\с++\projects_c++\черный пояс с++\(курсовой проект) электронная таблица\build\antlr4_runtime\runtime\antlr4_static.dir\debug\atnsimulator.obj
d:\dev\с++\projects_c++\черный пояс с++\(курсовой проект) электронная таблица\build\antlr4_runtime\runtime\antlr4_static.dir\debug\basicblockstartstate.obj
d:\dev\с++\projects_c++\черный пояс с++\(курсовой проект) электронная таблица\build\antlr4_runtime\runtime\antlr4_static.dir\debug\emptypredictioncontext.obj
d:\dev\с++\projects_c++\черный пояс с++\(курсовой проект) электронная таблица\build\antlr4_runtime\runtime\antlr4_static.dir\debug\lexerchannelaction.obj
d:\dev\с++\projects_c++\черный пояс с++\(курсовой проект) электронная таблица\build\antlr4_runtime\runtime\antlr4_static.dir\debug\lexertypeaction.obj
d:\dev\с++\projects_c++\черный пояс с++\(курсовой проект) электронная таблица\build\antlr4_runtime\runtime\antlr4_static.dir\debug\plusloopbackstate.obj
d:\dev\с++\projects_c++\черный пояс с++\(курсовой проект) электронная таблица\build\antlr4_runtime\runtime\antlr4_static.dir\debug\profilingatnsimulator.obj
d:\dev\с++\projects_c++\черный пояс с++\(курсовой проект) электронная таблица\build\antlr4_runtime\runtime\antlr4_static.dir\debug\starloopbackstate.obj
d:\dev\с++\projects_c++\черный пояс с++\(курсовой проект) электронная таблица\build\antlr4_runtime\runtime\antlr4_static.dir\debug\lexerdfaserializer.obj
d:\dev\с++\projects_c++\черный пояс с++\(курсовой проект) электронная таблица\build\antlr4_runtime\runtime\antlr4_static.dir\debug\any.obj
d:\dev\с++\projects_c++\черный пояс с++\(курсовой проект) электронная таблица\build\antlr4_runtime\runtime\antlr4_static.dir\debug\parsetreelistener.obj
d:\dev\с++\projects_c++\черный пояс с++\(курсовой проект) электронная таблица\build\antlr4_runtime\runtime\antlr4_static.dir\debug\parsetreepattern.obj
d:\dev\с++\projects_c++\черный пояс с++\(курсовой проект) электронная таблица\build\antlr4_runtime\runtime\antlr4_static.dir\debug\xpathlexer.obj
d:\dev\с++\projects_c++\черный пояс с++\(курсовой проект) электронная таблица\build\antlr4_runtime\runtime\antlr4_static.dir\debug\antlrinputstream.obj
d:\dev\с++\projects_c++\черный пояс с++\(курсовой проект) электронная таблица\build\antlr4_runtime\runtime\antlr4_static.dir\debug\diagnosticerrorlistener.obj
d:\dev\с++\projects_c++\черный пояс с++\(курсовой проект) электронная таблица\build\antlr4_runtime\runtime\antlr4_static.dir\debug\lexernoviablealtexception.obj
d:\dev\с++\projects_c++\черный пояс с++\(курсовой проект) электронная таблица\build\antlr4_runtime\runtime\antlr4_static.dir\debug\recognizer.obj
d:\dev\с++\projects_c++\черный пояс с++\(курсовой проект) электронная таблица\build\antlr4_runtime\runtime\antlr4_static.dir\debug\vocabulary.obj
d:\dev\с++\projects_c++\черный пояс с++\(курсовой проект) электронная таблица\build\antlr4_runtime\runtime\antlr4_static.dir\debug\atnserializer.obj
d:\dev\с++\projects_c++\черный пояс с++\(курсовой проект) электронная таблица\build\antlr4_runtime\runtime\antlr4_static.dir\debug\basicstate.obj
d:\dev\с++\projects_c++\черный пояс с++\(курсовой проект) электронная таблица\build\antlr4_runtime\runtime\antlr4_static.dir\debug\epsilontransition.obj
d:\dev\с++\projects_c++\черный пояс с++\(курсовой проект) электронная таблица\build\antlr4_runtime\runtime\antlr4_static.dir\debug\lexercustomaction.obj
d:\dev\с++\projects_c++\черный пояс с++\(курсовой проект) электронная таблица\build\antlr4_runtime\runtime\antlr4_static.dir\debug\lookaheadeventinfo.obj
d:\dev\с++\projects_c++\черный пояс с++\(курсовой проект) электронная таблица\build\antlr4_runtime\runtime\antlr4_static.dir\debug\precedencepredicatetransition.obj
d:\dev\с++\projects_c++\черный пояс с++\(курсовой проект) электронная таблица\build\antlr4_runtime\runtime\antlr4_static.dir\debug\rangetransition.obj
d:\dev\с++\projects_c++\черный пояс с++\(курсовой проект) электронная таблица\build\antlr4_runtime\runtime\antlr4_static.dir\debug\settransition.obj
d:\dev\с++\projects_c++\черный пояс с++\(курсовой проект) электронная таблица\build\antlr4_runtime\runtime\antlr4_static.dir\debug\wildcardtransition.obj
d:\dev\с++\projects_c++\черный пояс с++\(курсовой проект) электронная таблица\build\antlr4_runtime\runtime\antlr4_static.dir\debug\murmurhash.obj
d:\dev\с++\projects_c++\черный пояс с++\(курсовой проект) электронная таблица\build\antlr4_runtime\runtime\antlr4_static.dir\debug\errornodeimpl.obj
d:\dev\с++\projects_c++\черный пояс с++\(курсовой проект) электронная таблица\build\antlr4_runtime\runtime\antlr4_static.dir\debug\trees.obj
d:\dev\с++\projects_c++\черный пояс с++\(курсовой проект) электронная таблица\build\antlr4_runtime\runtime\antlr4_static.dir\debug\tokentagtoken.obj
d:\dev\с++\projects_c++\черный пояс с++\(курсовой проект) электронная таблица\build\antlr4_runtime\runtime\antlr4_static.dir\debug\xpathtokenelement.obj
d:\dev\с++\projects_c++\черный пояс с++\(курсовой проект) электронная таблица\build\antlr4_runtime\runtime\antlr4_static.dir\debug\baseerrorlistener.obj
d:\dev\с++\projects_c++\черный пояс с++\(курсовой проект) электронная таблица\build\antlr4_runtime\runtime\antlr4_static.dir\debug\commontokenstream.obj
d:\dev\с++\projects_c++\черный пояс с++\(курсовой проект) электронная таблица\build\antlr4_runtime\runtime\antlr4_static.dir\debug\inputmismatchexception.obj
d:\dev\с++\projects_c++\черный пояс с++\(курсовой проект) электронная таблица\build\antlr4_runtime\runtime\antlr4_static.dir\debug\parserrulecontext.obj
d:\dev\с++\projects_c++\черный пояс с++\(курсовой проект) электронная таблица\build\antlr4_runtime\runtime\antlr4_static.dir\debug\runtimemetadata.obj
d:\dev\с++\projects_c++\черный пояс с++\(курсовой проект) электронная таблица\build\antlr4_runtime\runtime\antlr4_static.dir\debug\writabletoken.obj
d:\dev\с++\projects_c++\черный пояс с++\(курсовой проект) электронная таблица\build\antlr4_runtime\runtime\antlr4_static.dir\debug\atnstate.obj
d:\dev\с++\projects_c++\черный пояс с++\(курсовой проект) электронная таблица\build\antlr4_runtime\runtime\antlr4_static.dir\debug\blockendstate.obj
d:\dev\с++\projects_c++\черный пояс с++\(курсовой проект) электронная таблица\build\antlr4_runtime\runtime\antlr4_static.dir\debug\errorinfo.obj
d:\dev\с++\projects_c++\черный пояс с++\(курсовой проект) электронная таблица\build\antlr4_runtime\runtime\antlr4_static.dir\debug\lexerindexedcustomaction.obj
d:\dev\с++\projects_c++\черный пояс с++\(курсовой проект) электронная таблица\build\antlr4_runtime\runtime\antlr4_static.dir\debug\loopendstate.obj
d:\dev\с++\projects_c++\черный пояс с++\(курсовой проект) электронная таблица\build\antlr4_runtime\runtime\antlr4_static.dir\debug\predicateevalinfo.obj
d:\dev\с++\projects_c++\черный пояс с++\(курсовой проект) электронная таблица\build\antlr4_runtime\runtime\antlr4_static.dir\debug\rulestopstate.obj
d:\dev\с++\projects_c++\черный пояс с++\(курсовой проект) электронная таблица\build\antlr4_runtime\runtime\antlr4_static.dir\debug\starblockstartstate.obj
d:\dev\с++\projects_c++\черный пояс с++\(курсовой проект) электронная таблица\build\antlr4_runtime\runtime\antlr4_static.dir\debug\dfastate.obj
d:\dev\с++\projects_c++\черный пояс с++\(курсовой проект) электронная таблица\build\antlr4_runtime\runtime\antlr4_static.dir\debug\guid.obj
d:\dev\с++\projects_c++\черный пояс с++\(курсовой проект) электронная таблица\build\antlr4_runtime\runtime\antlr4_static.dir\debug\iterativeparsetreewalker.obj
d:\dev\с++\projects_c++\черный пояс с++\(курсовой проект) электронная таблица\build\antlr4_runtime\runtime\antlr4_static.dir\debug\chunk.obj
d:\dev\с++\projects_c++\черный пояс с++\(курсовой проект) электронная таблица\build\antlr4_runtime\runtime\antlr4_static.dir\debug\xpath.obj
d:\dev\с++\projects_c++\черный пояс с++\(курсовой проект) электронная таблица\build\antlr4_runtime\runtime\antlr4_static.dir\debug\antlrerrorlistener.obj
d:\dev\с++\projects_c++\черный пояс с++\(курсовой проект) электронная таблица\build\antlr4_runtime\runtime\antlr4_static.dir\debug\commontokenfactory.obj
d:\dev\с++\projects_c++\черный пояс с++\(курсовой проект) электронная таблица\build\antlr4_runtime\runtime\antlr4_static.dir\debug\lexer.obj
d:\dev\с++\projects_c++\черный пояс с++\(курсовой проект) электронная таблица\build\antlr4_runtime\runtime\antlr4_static.dir\debug\recognitionexception.obj
d:\dev\с++\projects_c++\черный пояс с++\(курсовой проект) электронная таблица\build\antlr4_runtime\runtime\antlr4_static.dir\debug\tokensource.obj
d:\dev\с++\projects_c++\черный пояс с++\(курсовой проект) электронная таблица\build\antlr4_runtime\runtime\antlr4_static.dir\debug\atnconfig.obj
d:\dev\с++\projects_c++\черный пояс с++\(курсовой проект) электронная таблица\build\antlr4_runtime\runtime\antlr4_static.dir\debug\abstractpredicatetransition.obj
d:\dev\с++\projects_c++\черный пояс с++\(курсовой проект) электронная таблица\build\antlr4_runtime\runtime\antlr4_static.dir\debug\blockstartstate.obj
d:\dev\с++\projects_c++\черный пояс с++\(курсовой проект) электронная таблица\build\antlr4_runtime\runtime\antlr4_static.dir\debug\ll1analyzer.obj
d:\dev\с++\projects_c++\черный пояс с++\(курсовой проект) электронная таблица\build\antlr4_runtime\runtime\antlr4_static.dir\debug\lexermoreaction.obj
d:\dev\с++\projects_c++\черный пояс с++\(курсовой проект) электронная таблица\build\antlr4_runtime\runtime\antlr4_static.dir\debug\orderedatnconfigset.obj
d:\dev\с++\projects_c++\черный пояс с++\(курсовой проект) электронная таблица\build\antlr4_runtime\runtime\antlr4_static.dir\debug\predictioncontext.obj
d:\dev\с++\projects_c++\черный пояс с++\(курсовой проект) электронная таблица\build\antlr4_runtime\runtime\antlr4_static.dir\debug\tokensstartstate.obj
d:\dev\с++\projects_c++\черный пояс с++\(курсовой проект) электронная таблица\build\antlr4_runtime\runtime\antlr4_static.dir\debug\interval.obj
d:\dev\с++\projects_c++\черный пояс с++\(курсовой проект) электронная таблица\build\antlr4_runtime\runtime\antlr4_static.dir\debug\cpputils.obj
d:\dev\с++\projects_c++\черный пояс с++\(курсовой проект) электронная таблица\build\antlr4_runtime\runtime\antlr4_static.dir\debug\terminalnode.obj
d:\dev\с++\projects_c++\черный пояс с++\(курсовой проект) электронная таблица\build\antlr4_runtime\runtime\antlr4_static.dir\debug\tagchunk.obj
d:\dev\с++\projects_c++\черный пояс с++\(курсовой проект) электронная таблица\build\antlr4_runtime\runtime\antlr4_static.dir\debug\xpathruleanywhereelement.obj
d:\dev\с++\projects_c++\черный пояс с++\(курсовой проект) электронная таблица\build\antlr4_runtime\runtime\antlr4_static.dir\debug\antlrerrorstrategy.obj
d:\dev\с++\projects_c++\черный пояс с++\(курсовой проект) электронная таблица\build\antlr4_runtime\runtime\antlr4_static.dir\debug\defaulterrorstrategy.obj
d:\dev\с++\projects_c++\черный пояс с++\(курсовой проект) электронная таблица\build\antlr4_runtime\runtime\antlr4_static.dir\debug\noviablealtexception.obj
d:\dev\с++\projects_c++\черный пояс с++\(курсовой проект) электронная таблица\build\antlr4_runtime\runtime\antlr4_static.dir\debug\rulecontextwithaltnum.obj
d:\dev\с++\projects_c++\черный пояс с++\(курсовой проект) электронная таблица\build\antlr4_runtime\runtime\antlr4_static.dir\debug\unbufferedtokenstream.obj
d:\dev\с++\projects_c++\черный пояс с++\(курсовой проект) электронная таблица\build\antlr4_runtime\runtime\antlr4_static.dir\debug\atndeserializer.obj
d:\dev\с++\projects_c++\черный пояс с++\(курсовой проект) электронная таблица\build\antlr4_runtime\runtime\antlr4_static.dir\debug\atomtransition.obj
d:\dev\с++\projects_c++\черный пояс с++\(курсовой проект) электронная таблица\build\antlr4_runtime\runtime\antlr4_static.dir\debug\decisionstate.obj
d:\dev\с++\projects_c++\черный пояс с++\(курсовой проект) электронная таблица\build\antlr4_runtime\runtime\antlr4_static.dir\debug\lexeractionexecutor.obj
d:\dev\с++\projects_c++\черный пояс с++\(курсовой проект) электронная таблица\build\antlr4_runtime\runtime\antlr4_static.dir\debug\lexerpushmodeaction.obj
d:\dev\с++\projects_c++\черный пояс с++\(курсовой проект) электронная таблица\build\antlr4_runtime\runtime\antlr4_static.dir\debug\plusblockstartstate.obj
d:\dev\с++\projects_c++\черный пояс с++\(курсовой проект) электронная таблица\build\antlr4_runtime\runtime\antlr4_static.dir\debug\predictionmode.obj
d:\dev\с++\projects_c++\черный пояс с++\(курсовой проект) электронная таблица\build\antlr4_runtime\runtime\antlr4_static.dir\debug\starloopentrystate.obj
d:\dev\с++\projects_c++\черный пояс с++\(курсовой проект) электронная таблица\build\antlr4_runtime\runtime\antlr4_static.dir\debug\interpreterdatareader.obj
d:\dev\с++\projects_c++\черный пояс с++\(курсовой проект) электронная таблица\build\antlr4_runtime\runtime\antlr4_static.dir\debug\stringutils.obj
d:\dev\с++\projects_c++\черный пояс с++\(курсовой проект) электронная таблица\build\antlr4_runtime\runtime\antlr4_static.dir\debug\parsetreewalker.obj
d:\dev\с++\projects_c++\черный пояс с++\(курсовой проект) электронная таблица\build\antlr4_runtime\runtime\antlr4_static.dir\debug\ruletagtoken.obj
d:\dev\с++\projects_c++\черный пояс с++\(курсовой проект) электронная таблица\build\antlr4_runtime\runtime\antlr4_static.dir\debug\xpathlexererrorlistener.obj
d:\dev\с++\projects_c++\черный пояс с++\(курсовой проект) электронная таблица\build\antlr4_runtime\runtime\antlr4_static.dir\debug\xpathwildcardelement.obj
d:\dev\с++\projects_c++\черный пояс с++\(курсовой проект) электронная таблица\build\antlr4_runtime\runtime\antlr4_static.dir\debug\antlrfilestream.obj
d:\dev\с++\projects_c++\черный пояс с++\(курсовой проект) электронная таблица\build\antlr4_runtime\runtime\antlr4_static.dir\debug\consoleerrorlistener.obj
d:\dev\с++\projects_c++\черный пояс с++\(курсовой проект) электронная таблица\build\antlr4_runtime\runtime\antlr4_static.dir\debug\interpreterrulecontext.obj
d:\dev\с++\projects_c++\черный пояс с++\(курсовой проект) электронная таблица\build\antlr4_runtime\runtime\antlr4_static.dir\debug\parserinterpreter.obj
d:\dev\с++\projects_c++\черный пояс с++\(курсовой проект) электронная таблица\build\antlr4_runtime\runtime\antlr4_static.dir\debug\tokenstream.obj
d:\dev\с++\projects_c++\черный пояс с++\(курсовой проект) электронная таблица\build\antlr4_runtime\runtime\antlr4_static.dir\debug\atnconfigset.obj
d:\dev\с++\projects_c++\черный пояс с++\(курсовой проект) электронная таблица\build\antlr4_runtime\runtime\antlr4_static.dir\debug\arraypredictioncontext.obj
d:\dev\с++\projects_c++\черный пояс с++\(курсовой проект) электронная таблица\build\antlr4_runtime\runtime\antlr4_static.dir\debug\decisioninfo.obj
d:\dev\с++\projects_c++\черный пояс с++\(курсовой проект) электронная таблица\build\antlr4_runtime\runtime\antlr4_static.dir\debug\lexeraction.obj
d:\dev\с++\projects_c++\черный пояс с++\(курсовой проект) электронная таблица\build\antlr4_runtime\runtime\antlr4_static.dir\debug\lexerpopmodeaction.obj
d:\dev\с++\projects_c++\черный пояс с++\(курсовой проект) электронная таблица\build\antlr4_runtime\runtime\antlr4_static.dir\debug\parseinfo.obj
d:\dev\с++\projects_c++\черный пояс с++\(курсовой проект) электронная таблица\build\antlr4_runtime\runtime\antlr4_static.dir\debug\rulestartstate.obj
d:\dev\с++\projects_c++\черный пояс с++\(курсовой проект) электронная таблица\build\antlr4_runtime\runtime\antlr4_static.dir\debug\singletonpredictioncontext.obj
d:\dev\с++\projects_c++\черный пояс с++\(курсовой проект) электронная таблица\build\antlr4_runtime\runtime\antlr4_static.dir\debug\dfaserializer.obj
d:\dev\с++\projects_c++\черный пояс с++\(курсовой проект) электронная таблица\build\antlr4_runtime\runtime\antlr4_static.dir\debug\predicate.obj
d:\dev\с++\projects_c++\черный пояс с++\(курсовой проект) электронная таблица\build\antlr4_runtime\runtime\antlr4_static.dir\debug\parsetree.obj
d:\dev\с++\projects_c++\черный пояс с++\(курсовой проект) электронная таблица\build\antlr4_runtime\runtime\antlr4_static.dir\debug\parsetreematch.obj
d:\dev\с++\projects_c++\черный пояс с++\(курсовой проект) электронная таблица\build\antlr4_runtime\runtime\antlr4_static.dir\debug\xpathelement.obj
d:\dev\с++\projects_c++\черный пояс с++\(курсовой проект) электронная таблица\build\antlr4_runtime\runtime\antlr4_static.dir\debug\xpathwildcardanywhereelement.obj
d:\dev\с++\projects_c++\черный пояс с++\(курсовой проект) электронная таблица\build\antlr4_runtime\runtime\antlr4_static.dir\debug\bufferedtokenstream.obj
d:\dev\с++\projects_c++\черный пояс с++\(курсовой проект) электронная таблица\build\antlr4_runtime\runtime\antlr4_static.dir\debug\failedpredicateexception.obj
d:\dev\с++\projects_c++\черный пояс с++\(курсовой проект) электронная таблица\build\antlr4_runtime\runtime\antlr4_static.dir\debug\listtokensource.obj
d:\dev\с++\projects_c++\черный пояс с++\(курсовой проект) электронная таблица\build\antlr4_runtime\runtime\antlr4_static.dir\debug\proxyerrorlistener.obj
d:\dev\с++\projects_c++\черный пояс с++\(курсовой проект) электронная таблица\build\antlr4_runtime\runtime\antlr4_static.dir\debug\token.obj
d:\dev\с++\projects_c++\черный пояс с++\(курсовой проект) электронная таблица\build\antlr4_runtime\runtime\antlr4_static.dir\debug\atn.obj
d:\dev\с++\projects_c++\черный пояс с++\(курсовой проект) электронная таблица\build\antlr4_runtime\runtime\antlr4_static.dir\debug\ambiguityinfo.obj
d:\dev\с++\projects_c++\черный пояс с++\(курсовой проект) электронная таблица\build\antlr4_runtime\runtime\antlr4_static.dir\debug\decisioneventinfo.obj
d:\dev\с++\projects_c++\черный пояс с++\(курсовой проект) электронная таблица\build\antlr4_runtime\runtime\antlr4_static.dir\debug\lexeratnsimulator.obj
d:\dev\с++\projects_c++\черный пояс с++\(курсовой проект) электронная таблица\build\antlr4_runtime\runtime\antlr4_static.dir\debug\lexerskipaction.obj
d:\dev\с++\projects_c++\черный пояс с++\(курсовой проект) электронная таблица\build\antlr4_runtime\runtime\antlr4_static.dir\debug\parseratnsimulator.obj
d:\dev\с++\projects_c++\черный пояс с++\(курсовой проект) электронная таблица\build\antlr4_runtime\runtime\antlr4_static.dir\debug\semanticcontext.obj
d:\dev\с++\projects_c++\черный пояс с++\(курсовой проект) электронная таблица\build\antlr4_runtime\runtime\antlr4_static.dir\debug\dfa.obj
d:\dev\с++\projects_c++\черный пояс с++\(курсовой проект) электронная таблица\build\antlr4_runtime\runtime\antlr4_static.dir\debug\arrays.obj
d:\dev\с++\projects_c++\черный пояс с++\(курсовой проект) электронная таблица\build\antlr4_runtime\runtime\antlr4_static.dir\debug\parsetreevisitor.obj
d:\dev\с++\projects_c++\черный пояс с++\(курсовой проект) электронная таблица\build\antlr4_runtime\runtime\antlr4_static.dir\debug\parsetreepatternmatcher.obj
d:\dev\с++\projects_c++\черный пояс с++\(курсовой проект) электронная таблица\build\antlr4_runtime\runtime\antlr4_static.dir\debug\xpathruleelement.obj
d:\dev\с++\projects_c++\черный пояс с++\(курсовой проект) электронная таблица\build\antlr4_runtime\runtime\antlr4_static.dir\debug\bailerrorstrategy.obj
d:\dev\с++\projects_c++\черный пояс с++\(курсовой проект) электронная таблица\build\antlr4_runtime\runtime\antlr4_static.dir\debug\commontoken.obj
d:\dev\с++\projects_c++\черный пояс с++\(курсовой проект) электронная таблица\build\antlr4_runtime\runtime\antlr4_static.dir\debug\lexerinterpreter.obj
d:\dev\с++\projects_c++\черный пояс с++\(курсовой проект) электронная таблица\build\antlr4_runtime\runtime\antlr4_static.dir\debug\rulecontext.obj
d:\dev\с++\projects_c++\черный пояс с++\(курсовой проект) электронная таблица\build\antlr4_runtime\runtime\antlr4_static.dir\debug\unbufferedcharstream.obj
d:\dev\с++\projects_c++\черный пояс с++\(курсовой проект) электронная таблица\build\antlr4_runtime\runtime\antlr4_static.dir\debug\atndeserializationoptions.obj
d:\dev\с++\projects_c++\черный пояс с++\(курсовой проект) электронная таблица\build\antlr4_runtime\runtime\antlr4_static.dir\debug\actiontransition.obj
d:\dev\с++\projects_c++\черный пояс с++\(курсовой проект) электронная таблица\build\antlr4_runtime\runtime\antlr4_static.dir\debug\contextsensitivityinfo.obj
d:\dev\с++\projects_c++\черный пояс с++\(курсовой проект) электронная таблица\build\antlr4_runtime\runtime\antlr4_static.dir\debug\lexeratnconfig.obj
d:\dev\с++\projects_c++\черный пояс с++\(курсовой проект) электронная таблица\build\antlr4_runtime\runtime\antlr4_static.dir\debug\lexermodeaction.obj
d:\dev\с++\projects_c++\черный пояс с++\(курсовой проект) электронная таблица\build\antlr4_runtime\runtime\antlr4_static.dir\debug\notsettransition.obj
d:\dev\с++\projects_c++\черный пояс с++\(курсовой проект) электронная таблица\build\antlr4_runtime\runtime\antlr4_static.dir\debug\predicatetransition.obj
d:\dev\с++\projects_c++\черный пояс с++\(курсовой проект) электронная таблица\build\antlr4_runtime\runtime\antlr4_static.dir\debug\ruletransition.obj
d:\dev\с++\projects_c++\черный пояс с++\(курсовой проект) электронная таблица\build\antlr4_runtime\runtime\antlr4_static.dir\debug\transition.obj
d:\dev\с++\projects_c++\черный пояс с++\(курсовой проект) электронная таблица\build\antlr4_runtime\runtime\antlr4_static.dir\debug\intervalset.obj
d:\dev\с++\projects_c++\черный пояс с++\(курсовой проект) электронная таблица\build\antlr4_runtime\runtime\antlr4_static.dir\debug\errornode.obj
d:\dev\с++\projects_c++\черный пояс с++\(курсовой проект) электронная таблица\build\antlr4_runtime\runtime\antlr4_static.dir\debug\terminalnodeimpl.obj
d:\dev\с++\projects_c++\черный пояс с++\(курсовой проект) электронная таблица\build\antlr4_runtime\runtime\antlr4_static.dir\debug\textchunk.obj
d:\dev\с++\projects_c++\черный пояс с++\(курсовой проект) электронная таблица\build\antlr4_runtime\runtime\antlr4_static.dir\debug\xpathtokenanywhereelement.obj
d:\dev\с++\projects_c++\черный пояс с++\(курсовой проект) электронная таблица\build\antlr4_runtime\runtime\antlr4_static.dir\debug\antlr4_static.pdb
d:\dev\с++\projects_c++\черный пояс с++\(курсовой проект) электронная таблица\build\antlr4_runtime\runtime\cmakefiles\generate.stamp
d:\dev\с++\projects_c++\черный пояс с++\(курсовой проект) электронная таблица\build\antlr4_runtime\runtime\debug\antlr4-runtime-static.lib
d:\dev\с++\projects_c++\черный пояс с++\(курсовой проект) электронная таблица\build\antlr4_runtime\runtime\antlr4_static.dir\debug\antlr4_static.tlog\antlr4_static.write.1u.tlog
d:\dev\с++\projects_c++\черный пояс с++\(курсовой проект) электронная таблица\build\antlr4_runtime\runtime\antlr4_static.dir\debug\antlr4_static.tlog\cl.10996.write.1.tlog
d:\dev\с++\projects_c++\черный пояс с++\(курсовой проект) электронная таблица\build\antlr4_runtime\runtime\antlr4_static.dir\debug\antlr4_static.tlog\cl.command.1.tlog
d:\dev\с++\projects_c++\черный пояс с++\(курсовой проект) электронная таблица\build\antlr4_runtime\runtime\antlr4_static.dir\debug\antlr4_static.tlog\cl.read.1.tlog
d:\dev\с++\projects_c++\черный пояс с++\(курсовой проект) электронная таблица\build\antlr4_runtime\runtime\antlr4_static.dir\debug\antlr4_static.tlog\custombuild.command.1.tlog
d:\dev\с++\projects_c++\черный пояс с++\(курсовой проект) электронная таблица\build\antlr4_runtime\runtime\antlr4_static.dir\debug\antlr4_static.tlog\custombuild.read.1.tlog
d:\dev\с++\projects_c++\черный пояс с++\(курсовой проект) электронная таблица\build\antlr4_runtime\runtime\antlr4_static.dir\debug\antlr4_static.tlog\custombuild.write.1.tlog
d:\dev\с++\projects_c++\черный пояс с++\(курсовой проект) электронная таблица\build\antlr4_runtime\runtime\antlr4_static.dir\debug\antlr4_static.tlog\lib-link.read.1.tlog
d:\dev\с++\projects_c++\черный пояс с++\(курсовой проект) электронная таблица\build\antlr4_runtime\runtime\antlr4_static.dir\debug\antlr4_static.tlog\lib-link.write.1.tlog
d:\dev\с++\projects_c++\черный пояс с++\(курсовой проект) электронная таблица\build\antlr4_runtime\runtime\antlr4_static.dir\debug\antlr4_static.tlog\lib.command.1.tlog
